This is pdfTeX, Version 3.14159265-2.6-1.40.21 (TeX Live 2020) (preloaded format=pdflatex 2020.4.7)  4 AUG 2024 12:35
entering extended mode
 restricted \write18 enabled.
 file:line:error style messages enabled.
 %&-line parsing enabled.
**new_cv.tex
(./new_cv.tex
LaTeX2e <2020-02-02> patch level 5
L3 programming layer <2020-03-06>

! LaTeX Error: File `resume.cls' not found.

Type X to quit or <RETURN> to proceed,
or enter new name. (Default extension: cls)

Enter file name: 
./new_cv.tex:24: Emergency stop.
<read *> 
         
l.24 \usepackage
                [left=0.4in,top=0.4in,right=0.4in,bottom=0.4in]{geometry} % ...
End of file on the terminal!

 
Here is how much of TeX's memory you used:
 22 strings out of 480608
 441 string characters out of 5903631
 239610 words of memory out of 5000000
 16013 multiletter control sequences out of 15000+600000
 532338 words of font info for 24 fonts, out of 8000000 for 9000
 1141 hyphenation exceptions out of 8191
 14i,0n,17p,116b,10s stack positions out of 5000i,500n,10000p,200000b,80000s
./new_cv.tex:24:  ==> Fatal error occurred, no output PDF file produced!
